[2024/08/31 05:13:43]: §9          __             _       
[2024/08/31 05:13:43]: §9  _ __   / /  ___   __ _(_)_ __  
[2024/08/31 05:13:43]: §9 | '_ \ / /  / _ \ / _` | | '_ \ 
[2024/08/31 05:13:43]: §9 | | | / /__| (_) | (_| | | | | |
[2024/08/31 05:13:43]: §9 |_| |_\____/\___/ \__, |_|_| |_|
[2024/08/31 05:13:43]: §9                  |___/            
[2024/08/31 05:13:43]: §9 By: www.nickuc.com - V 10.4.4 DEVELOPMENT
[2024/08/31 05:13:43]: §9 
[2024/08/31 05:13:45]: §3[nLogin] [DEBUG] All settings were loaded in 371 ms.
[2024/08/31 05:13:45]: §3[nLogin] [DEBUG] Loading the messages_es.yml message file...
[2024/08/31 05:13:45]: §3[nLogin] [DEBUG] All plugin messages were loaded in 250 ms (languageByClient=false).
[2024/08/31 05:13:45]: §3[nLogin] [DEBUG] All proxy settings were loaded in 16 ms.
[2024/08/31 05:13:45]: §3[nLogin] [DEBUG] Loading database...
[2024/08/31 05:13:46]: §3[nLogin] [DEBUG] Starting logger filter...
[2024/08/31 05:14:22]: §3[nLogin] [DEBUG] [SQLite] [UPDATE]: "UPDATE `nlogin` SET `last_name` = 'Lixo_354', `unique_id` = b5d52b9aa31f39459b31f5dd4253670e,  `mojang_id` = null,  `bedrock_id` = null,  `password` = '$2a$10$EJZxGxHlU03Sn2A9PFmkq..RSGWWfg6xfyE75wKuERMmq94t4UPka', `last_ip` = '100.83.184.85', `creation_date` = 2024-08-30 22:16:27.154, `last_seen` = 2024-08-31 05:14:22.887, `email` = null, `discord` = null, `settings` = '{"settings":[{"value":"es","key":"language"}],"version":0}' WHERE `ai` = 1" (applied to [last_ip, last_seen, settings] columns)
[2024/08/31 05:14:22]: [nLogin] The user Lixo_354 has successfully logged in.
[2024/08/31 05:42:53]: §3[nLogin] [DEBUG] [SQLite] [UPDATE]: "UPDATE `nlogin` SET `last_name` = 'Lixo_354', `unique_id` = b5d52b9aa31f39459b31f5dd4253670e,  `mojang_id` = null,  `bedrock_id` = null,  `password` = '$2a$10$EJZxGxHlU03Sn2A9PFmkq..RSGWWfg6xfyE75wKuERMmq94t4UPka', `last_ip` = '100.83.184.85', `creation_date` = 2024-08-30 22:16:27.154, `last_seen` = 2024-08-31 05:42:53.312, `email` = null, `discord` = null, `settings` = '{"settings":[{"value":"es","key":"language"}],"version":0}' WHERE `ai` = 1" (applied to [last_seen, settings] columns)
[2024/08/31 05:43:17]: §3[nLogin] [DEBUG] The Lixo_354 (100.83.184.85) player entered an incorrect password
[2024/08/31 05:43:34]: §3[nLogin] [DEBUG] [SQLite] [UPDATE]: "UPDATE `nlogin` SET `last_name` = 'Lixo_354', `unique_id` = b5d52b9aa31f39459b31f5dd4253670e,  `mojang_id` = null,  `bedrock_id` = null,  `password` = '$2a$10$EJZxGxHlU03Sn2A9PFmkq..RSGWWfg6xfyE75wKuERMmq94t4UPka', `last_ip` = '100.83.184.85', `creation_date` = 2024-08-30 22:16:27.154, `last_seen` = 2024-08-31 05:43:34.271, `email` = null, `discord` = null, `settings` = '{"settings":[{"value":"es","key":"language"}],"version":0}' WHERE `ai` = 1" (applied to [last_ip, last_seen, settings] columns)
[2024/08/31 05:43:34]: [nLogin] The user Lixo_354 has successfully logged in.
[2024/08/31 06:10:56]: [nLogin] Successful plugin core shutdown (took 0.00s)
