[31Aug2024 06:19:09.719] [main/INFO] [FabricLoader/GameProvider/]: Loading Minecraft 1.20.4 Arclight arclight-1.20.4-1.0.4-80ec5df with Fabric Loader 0.15.11
mainEx[31Aug2024 06:19:09.820] [ForkJoinPool-1-worker-1/WARN] [FabricLoader/Metadata/]: Mod travelersbackpack uses the version fabric-1.20.4-9.4.6 which isn't compatible with Loader's extended semantic version format (Could not parse version number component 'fabric'!), SemVer is recommended for reliably evaluating dependencies and prioritizing newer version
ForkJoinPool-1-worker-1Ex[31Aug2024 06:19:09.825] [ForkJoinPool-1-worker-4/WARN] [FabricLoader/Metadata/]: Mod cpm uses the version 0.6.17b which isn't compatible with Loader's extended semantic version format (Could not parse version number component '17b'!), SemVer is recommended for reliably evaluating dependencies and prioritizing newer version
ForkJoinPool-1-worker-4Ex[31Aug2024 06:19:09.998] [main/INFO] [FabricLoader/]: Loading 79 mods:
	- arclight 1.0.4+80ec5df
	- cardinal-components 5.4.0
	   |-- cardinal-components-base 5.4.0
	   |-- cardinal-components-block 5.4.0
	   |-- cardinal-components-chunk 5.4.0
	   |-- cardinal-components-entity 5.4.0
	   |-- cardinal-components-item 5.4.0
	   |-- cardinal-components-level 5.4.0
	   |-- cardinal-components-scoreboard 5.4.0
	   \-- cardinal-components-world 5.4.0
	- cloth-config 13.0.121
	   \-- cloth-basic-math 0.6.1
	- cpm 0.6.17b
	- fabric-api 0.97.1+1.20.4
	   |-- fabric-api-base 0.4.37+78d798af4f
	   |-- fabric-api-lookup-api-v1 1.6.50+82b1bb3e4f
	   |-- fabric-biome-api-v1 13.0.17+78d798af4f
	   |-- fabric-block-api-v1 1.0.17+3e2216cb4f
	   |-- fabric-block-view-api-v2 1.0.5+78d798af4f
	   |-- fabric-blockrenderlayer-v1 1.1.47+78d798af4f
	   |-- fabric-client-tags-api-v1 1.1.8+78d798af4f
	   |-- fabric-command-api-v1 1.2.42+f71b366f4f
	   |-- fabric-command-api-v2 2.2.21+78d798af4f
	   |-- fabric-commands-v0 0.2.59+df3654b34f
	   |-- fabric-containers-v0 0.1.87+df3654b34f
	   |-- fabric-content-registries-v0 5.0.16+78d798af4f
	   |-- fabric-convention-tags-v1 1.5.11+78d798af4f
	   |-- fabric-crash-report-info-v1 0.2.24+78d798af4f
	   |-- fabric-data-attachment-api-v1 1.1.5+b90db5744f
	   |-- fabric-data-generation-api-v1 13.2.5+5c0133444f
	   |-- fabric-dimensions-v1 2.1.63+6605d1a84f
	   |-- fabric-entity-events-v1 1.6.2+09fc25014f
	   |-- fabric-events-interaction-v0 0.7.2+389931eb4f
	   |-- fabric-events-lifecycle-v0 0.2.75+df3654b34f
	   |-- fabric-game-rule-api-v1 1.0.47+78d798af4f
	   |-- fabric-item-api-v1 2.3.0+bcdd12964f
	   |-- fabric-item-group-api-v1 4.0.27+ee30b13a4f
	   |-- fabric-key-binding-api-v1 1.0.42+78d798af4f
	   |-- fabric-keybindings-v0 0.2.40+df3654b34f
	   |-- fabric-lifecycle-events-v1 2.3.1+a67ffb5d4f
	   |-- fabric-loot-api-v2 2.1.10+78d798af4f
	   |-- fabric-message-api-v1 6.0.6+78d798af4f
	   |-- fabric-mining-level-api-v1 2.1.66+78d798af4f
	   |-- fabric-model-loading-api-v1 1.0.9+78d798af4f
	   |-- fabric-models-v0 0.4.8+9386d8a74f
	   |-- fabric-networking-api-v1 3.1.8+2e5ac5484f
	   |-- fabric-object-builder-api-v1 13.1.0+dba1195c4f
	   |-- fabric-particles-v1 1.1.8+78d798af4f
	   |-- fabric-recipe-api-v1 2.0.21+78d798af4f
	   |-- fabric-registry-sync-v0 4.0.20+ee30b13a4f
	   |-- fabric-renderer-api-v1 3.2.5+78d798af4f
	   |-- fabric-renderer-indigo 1.5.6+d331d3144f
	   |-- fabric-renderer-registries-v1 3.2.54+df3654b34f
	   |-- fabric-rendering-data-attachment-v1 0.3.43+73761d2e4f
	   |-- fabric-rendering-fluids-v1 3.1.2+e761c6694f
	   |-- fabric-rendering-v0 1.1.57+df3654b34f
	   |-- fabric-rendering-v1 3.2.1+6fd945a04f
	   |-- fabric-resource-conditions-api-v1 2.3.15+78d798af4f
	   |-- fabric-resource-loader-v0 0.11.21+ee30b13a4f
	   |-- fabric-screen-api-v1 2.0.18+78d798af4f
	   |-- fabric-screen-handler-api-v1 1.3.56+78d798af4f
	   |-- fabric-sound-api-v1 1.0.18+78d798af4f
	   |-- fabric-transfer-api-v1 4.0.12+90f2d7b14f
	   \-- fabric-transitive-access-wideners-v1 5.0.15+78d798af4f
	- fabricloader 0.15.11
	   \-- mixinextras 0.3.5
	- glitchcore 1.0.0.58
	   |-- com_electronwill_night-config_core 3.6.7
	   |-- com_electronwill_night-config_toml 3.6.7
	   \-- net_jodah_typetools 0.6.3
	- jade 13.3.1
	- java 21
	- minecraft 1.20.4
	- toughasnails 9.2.0.168
	   |-- com_electronwill_night-config_core 3.6.7
	   |-- com_electronwill_night-config_toml 3.6.7
	   \-- net_jodah_typetools 0.6.3
	- travelersbackpack fabric-1.20.4-9.4.6
	   \-- reach-entity-attributes 2.5.0
	- universal-graves 3.2.2+1.20.4
	   |-- common-protection-api 1.0.0
	   |-- fabric-permissions-api-v0 0.2-SNAPSHOT
	   |-- placeholder-api 2.3.0+1.20.3
	   |-- polymer-core 0.7.7+1.20.4
	   |    |-- polymer-networking 0.7.7+1.20.4
	   |    |    \-- polymer-common 0.7.7+1.20.4
	   |    |         \-- packet_tweaker 0.5.1+1.20.4
	   |    \-- polymer-registry-sync-manipulator 0.7.7+1.20.4
	   |-- polymer-resource-pack 0.7.7+1.20.4
	   |    \-- polymer-common 0.7.7+1.20.4
	   |         \-- packet_tweaker 0.5.1+1.20.4
	   |-- polymer-virtual-entity 0.7.7+1.20.4
	   |    \-- polymer-common 0.7.7+1.20.4
	   |         \-- packet_tweaker 0.5.1+1.20.4
	   |-- predicate-api 0.3.0+1.20.2
	   |-- server_translations_api 2.2.0+1.20.3-rc1
	   \-- sgui 1.4.2+1.20.4
	- voicechat 1.20.4-2.5.19
	   \-- fabric-key-binding-api-v1 1.0.39+f4b7e42432
	- xaerominimap 24.3.0
mainEx[31Aug2024 06:19:10.140] [main/INFO] [FabricLoader/Mixin/]: SpongePowered MIXIN Subsystem Version=0.8.5 Source=file:/workspaces/MSP-MCExtremo/servidor_minecraft/libraries/net/fabricmc/sponge-mixin/0.13.3+mixin.0.8.5/sponge-mixin-0.13.3+mixin.0.8.5.jar Service=Knot/Fabric Env=SERVER
mainEx[31Aug2024 06:19:10.267] [main/INFO] [FabricLoader/Mixin/]: Compatibility level set to JAVA_17
mainEx[31Aug2024 06:19:10.735] [main/INFO] [Arclight/]: Using locale en_ and fallback locale en_us
mainEx[31Aug2024 06:19:10.739] [main/INFO] [Arclight/]: 

       ___           ___     __   /\
      /   | ________/ (_)__ / /  / /
     / /| |/ __/ __/ / / _ / _ \/__/
    / ___ / / / /_/ / / / / // / /
   /_/  |/_/  \__/_/_/\_ /_//_/ /
                     /__/     \/

    Version 附耳 (Whisper) / arclight-1.20.4-1.0.4-80ec5df
    Build Date 2024-06-14 12:05:55

mainEx[31Aug2024 06:19:12.322] [main/WARN] [FabricLoader/Mixin/]: Error loading class: com/simibubi/create/content/kinetics/base/BlockBreakingKineticBlockEntity (java.lang.ClassNotFoundException: com/simibubi/create/content/kinetics/base/BlockBreakingKineticBlockEntity)
mainEx[31Aug2024 06:19:12.648] [main/WARN] [FabricLoader/Mixin/]: Error loading class: net/fabricmc/fabric/api/client/rendering/v1/EntityModelLayerRegistry$TexturedModelDataProvider (java.lang.ClassNotFoundException: net/fabricmc/fabric/api/client/rendering/v1/EntityModelLayerRegistry$TexturedModelDataProvider)
mainEx[31Aug2024 06:19:12.733] [main/INFO] [FabricLoader/MixinExtras|Service/]: Initializing MixinExtras via com.llamalad7.mixinextras.service.MixinExtrasServiceImpl(version=0.3.5).
mainEx[31Aug2024 06:19:26.029] [main/INFO] [CPM/]: Customizable Player Models Initialized
mainEx[31Aug2024 06:19:26.030] [main/INFO] [CPM/]: Customizable Player Models API initialized: Loaded plugins: (0)

mainEx[31Aug2024 06:19:26.714] [main/ERROR] [net.minecraft.class_156/]: No data fixer registered for water_purifier
mainEx[31Aug2024 06:19:26.714] [main/ERROR] [net.minecraft.class_156/]: No data fixer registered for temperature_gauge
mainEx[31Aug2024 06:19:26.715] [main/ERROR] [net.minecraft.class_156/]: No data fixer registered for thermoregulator
mainEx[31Aug2024 06:19:27.130] [main/INFO] [com.tiviacz.travelersbackpack.TravelersBackpack/]: Registered the FluidEffect with Unique ID of minecraft:water for minecraft:water 81000 with the ID 0
mainEx[31Aug2024 06:19:27.131] [main/INFO] [com.tiviacz.travelersbackpack.TravelersBackpack/]: Registered the FluidEffect with Unique ID of minecraft:lava for minecraft:lava 81000 with the ID 1
mainEx[31Aug2024 06:19:27.135] [main/INFO] [com.tiviacz.travelersbackpack.TravelersBackpack/]: Registered the FluidEffect with Unique ID of travelersbackpack:potion for travelersbackpack:potion_still 27000 with the ID 2
mainEx[31Aug2024 06:19:27.135] [main/INFO] [com.tiviacz.travelersbackpack.TravelersBackpack/]: Registered the FluidEffect with Unique ID of travelersbackpack:milk for travelersbackpack:milk_still 81000 with the ID 3
mainEx[31Aug2024 06:19:27.234] [main/INFO] [voicechat/]: [voicechat] Compatibility version 18
mainEx[31Aug2024 06:19:27.298] [main/INFO] [voicechat/]: [voicechat] Loading plugins
mainEx[31Aug2024 06:19:27.299] [main/INFO] [voicechat/]: [voicechat] Loaded 0 plugin(s)
mainEx[31Aug2024 06:19:27.299] [main/INFO] [voicechat/]: [voicechat] Initializing plugins
mainEx[31Aug2024 06:19:27.299] [main/INFO] [voicechat/]: [voicechat] Initialized 0 plugin(s)
mainEx[31Aug2024 06:19:27.363] [main/INFO] [xaero.minimap.XaeroMinimap/]: Loading Xaero's Minimap - Stage 1/2 (Server)
mainEx[31Aug2024 06:19:27.549] [main/INFO] [com.mojang.authlib.yggdrasil.YggdrasilAuthenticationService/]: Environment: Environment[sessionHost=https://sessionserver.mojang.com, servicesHost=https://api.minecraftservices.com, name=PROD]
mainEx[31Aug2024 06:19:30.014] [main/INFO] [net.minecraft.class_1863/]: Loaded 8 recipes
mainEx[31Aug2024 06:19:30.249] [main/INFO] [net.minecraft.class_163/]: Loaded 1427 advancements
mainEx[31Aug2024 06:19:30.316] [ForkJoinPool.commonPool-worker-1/INFO] [xyz.nucleoid.server.translations.impl.ServerTranslations/]: Loaded 58 translation keys
ForkJoinPool.commonPool-worker-1Ex[31Aug2024 06:19:31.089] [main/INFO] [net.fabricmc.fabric.impl.biome.modification.BiomeModificationImpl/]: Applied 0 biome modifications to 0 of 64 new biomes in 1.137 ms
mainEx[31Aug2024 06:19:31.309] [Server thread/INFO] [net.minecraft.class_3176/]: Starting minecraft server version 1.20.4
Server threadEx[31Aug2024 06:19:31.310] [Server thread/INFO] [net.minecraft.class_3176/]: Loading properties
Server threadEx[31Aug2024 06:19:31.310] [Server thread/INFO] [net.minecraft.class_3176/]: Default game type: SURVIVAL
Server threadEx[31Aug2024 06:19:31.310] [Server thread/INFO] [net.minecraft.server.MinecraftServer/]: Generating keypair
Server threadEx[31Aug2024 06:19:31.454] [Server thread/INFO] [net.minecraft.class_3176/]: Starting Minecraft server on *:25565
Server threadEx[31Aug2024 06:19:31.581] [Server thread/INFO] [net.minecraft.class_3242/]: Using epoll channel type
Server threadEx[31Aug2024 06:19:31.695] [Server thread/WARN] [net.minecraft.class_3176/]: **** SERVER IS RUNNING IN OFFLINE/INSECURE MODE!
Server threadEx[31Aug2024 06:19:31.696] [Server thread/WARN] [net.minecraft.class_3176/]: The server will make no attempt to authenticate usernames. Beware.
Server threadEx[31Aug2024 06:19:31.696] [Server thread/WARN] [net.minecraft.class_3176/]: While this makes the game possible to play without internet access, it also opens up the ability for hackers to connect with any username they choose.
Server threadEx[31Aug2024 06:19:31.696] [Server thread/WARN] [net.minecraft.class_3176/]: To change this, set "online-mode" to "true" in the server.properties file.
Server threadEx[31Aug2024 06:19:32.149] [Server thread/INFO] [Minecraft/]: This server is running Arclight version arclight-1.20.4-1.0.4-80ec5df (MC: 1.20.4) (Implementing API version 1.20.4-R0.1-SNAPSHOT)
Server threadEx[31Aug2024 06:19:33.241] [Server thread/INFO] [Arclight/]: Registering for Bukkit ...
Server threadEx[31Aug2024 06:19:33.334] [Server thread/INFO] [Arclight/]: Registered 123 new materials with 67 blocks and 56 items
Server threadEx[31Aug2024 06:19:33.521] [Server thread/INFO] [Arclight/]: Registered 1 new entity types
Server threadEx[31Aug2024 06:19:33.523] [Server thread/INFO] [Arclight/]: Registered 1 new villager professions
Server threadEx[31Aug2024 06:19:33.524] [Server thread/INFO] [Arclight/]: Registered 0 new biomes
Server threadEx[31Aug2024 06:19:33.548] [Server thread/INFO] [net.minecraft.class_2983/]: [STDOUT]: Server Ping Player Sample Count: 12
Server threadEx[31Aug2024 06:19:33.553] [Server thread/INFO] [Minecraft/]: Using 4 threads for Netty based IO
Server threadEx[31Aug2024 06:19:33.555] [Server thread/INFO] [Minecraft/]: Debug logging is enabled
Server threadEx[31Aug2024 06:19:33.890] [Server thread/INFO] [Arclight/]: Loading mappings ...
Server threadEx[31Aug2024 06:19:34.323] [Server thread/INFO] [Arclight/]: Loading plugin patchers ...
Server threadEx[31Aug2024 06:19:37.370] [Server thread/INFO] [Minecraft/]: [PvPManager] Loading 2 libraries... please wait
Server threadEx[31Aug2024 06:19:37.503] [Server thread/INFO] [Minecraft/]: [PvPManager] Loaded library /workspaces/MSP-MCExtremo/servidor_minecraft/libraries/com/zaxxer/HikariCP/4.0.3/HikariCP-4.0.3.jar
Server threadEx[31Aug2024 06:19:37.503] [Server thread/INFO] [Minecraft/]: [PvPManager] Loaded library /workspaces/MSP-MCExtremo/servidor_minecraft/libraries/org/slf4j/slf4j-api/2.0.13/slf4j-api-2.0.13.jar
Server threadEx[31Aug2024 06:19:37.670] [Server thread/INFO] [LuckPerms/]: Loading LuckPerms v5.4.131
Server threadEx[31Aug2024 06:19:38.712] [Server thread/INFO] [nLogin/]: Loading nLogin v10.4.4
Server threadEx[31Aug2024 06:19:40.110] [Server thread/INFO] [WorldEdit/]: Loading WorldEdit v7.3.1+6763-2e55f4f
Server threadEx[31Aug2024 06:19:40.798] [Server thread/INFO] [com.sk89q.worldedit.extension.platform.PlatformManager/]: Got request to register class com.sk89q.worldedit.bukkit.BukkitServerInterface with WorldEdit [com.sk89q.worldedit.extension.platform.PlatformManager@19789367]
Server threadEx[31Aug2024 06:19:40.801] [Server thread/INFO] [AnimationsCore/]: Loading AnimationsCore v0.1-SNAPSHOT
Server threadEx[31Aug2024 06:19:40.801] [Server thread/INFO] [Chunky/]: Loading Chunky v1.4.10
Server threadEx[31Aug2024 06:19:40.802] [Server thread/INFO] [Essentials/]: Loading Essentials v2.21.0-dev+110-f1a5caf
Server threadEx[31Aug2024 06:19:40.804] [Server thread/INFO] [PlaceholderAPI/]: Loading PlaceholderAPI v2.11.6
Server threadEx[31Aug2024 06:19:40.804] [Server thread/INFO] [SternalBoard/]: Loading SternalBoard v2.3.0
Server threadEx[31Aug2024 06:19:40.818] [Server thread/INFO] [PlayerTimeLimit/]: Loading PlayerTimeLimit v1.6.1
Server threadEx[31Aug2024 06:19:40.818] [Server thread/INFO] [EasyJoin/]: Loading EasyJoin v2.2.4
Server threadEx[31Aug2024 06:19:40.843] [Server thread/ERROR] [org.bukkit.craftbukkit.v1_20_R3.CraftServer/]: Cannot invoke "java.util.Map.get(Object)" because "values" is null initializing EasyJoin v2.2.4 (Is it up to date?)
Server threadEx java.lang.NullPointerException: Cannot invoke "java.util.Map.get(Object)" because "values" is null
	at dev.henko.storance.impl.ContainerImpl.getOptional(ContainerImpl.java:43) ~[?:?]
	at dev.henko.storance.Container.getOptional(Container.java:30) ~[?:?]
	at dev.henko.storance.Container.getOptional(Container.java:34) ~[?:?]
	at me.espryth.easyjoin.plugin.hook.PlaceholderAPIHook.<init>(PlaceholderAPIHook.java:27) ~[?:?]
	at me.espryth.easyjoin.plugin.EasyJoin.onLoad(EasyJoin.java:37) ~[?:?]
	at org.bukkit.craftbukkit.v1_20_R3.CraftServer.loadPlugins(CraftServerMixin.java:435) ~[arclight-1.20.4-1.0.4-80ec5df.jar:?]
	at net.minecraft.class_3176.handler$zcd000$arclight$loadPlugins(DedicatedServerMixin_Vanilla.java:677) ~[server-intermediary.jar:?]
	at net.minecraft.class_3176.method_3823(DedicatedServerMixin_Vanilla.java:161) ~[server-intermediary.jar:?]
	at net.minecraft.server.MinecraftServer.method_29741(MinecraftServerMixin.java:2075) ~[server-intermediary.jar:?]
	at net.minecraft.server.MinecraftServer.method_29739(MinecraftServerMixin.java:270) ~[server-intermediary.jar:?]
	at java.lang.Thread.run(Thread.java:1583) ~[?:?]
[31Aug2024 06:19:40.844] [Server thread/INFO] [StaffPlus/]: Loading StaffPlus v3.3.14.2
Server threadEx[31Aug2024 06:19:40.849] [Server thread/INFO] [PlaceholderAPI/]: Successfully registered internal expansion: staffplus [3.3.14.2]
Server threadEx[31Aug2024 06:19:40.850] [Server thread/INFO] [Minecraft/]: Hooked into PlaceholderAPI 2.11.6
Server threadEx[31Aug2024 06:19:40.850] [Server thread/INFO] [EssentialsSpawn/]: Loading EssentialsSpawn v2.21.0-dev+110-f1a5caf
Server threadEx[31Aug2024 06:19:40.850] [Server thread/INFO] [WorldGuard/]: Loading WorldGuard v7.0.9+5934e49
Server threadEx[31Aug2024 06:19:40.850] [Server thread/INFO] [ConditionalEvents/]: Loading ConditionalEvents v4.56.1
Server threadEx[31Aug2024 06:19:40.850] [Server thread/INFO] [ProtectionStones/]: Loading ProtectionStones v2.10.5
Server threadEx[31Aug2024 06:19:40.895] [Server thread/INFO] [PvPManager/]: Loading PvPManager v3.18.26
Server threadEx[31Aug2024 06:19:40.898] [Server thread/INFO] [LuckPerms/]: Enabling LuckPerms v5.4.131
Server threadEx[31Aug2024 06:19:41.811] [Server thread/INFO] [Console/]:         __    
Server threadEx[31Aug2024 06:19:41.811] [Server thread/INFO] [Console/]:   |    |__)   LuckPerms v5.4.131
Server threadEx[31Aug2024 06:19:41.811] [Server thread/INFO] [Console/]:   |___ |      Running on Bukkit - Arclight
Server threadEx[31Aug2024 06:19:41.812] [Server thread/INFO] [Console/]: 
Server threadEx[31Aug2024 06:19:41.815] [Server thread/INFO] [LuckPerms/]: Loading configuration...
Server threadEx[31Aug2024 06:19:42.145] [Server thread/INFO] [LuckPerms/]: Loading storage provider... [H2]
Server threadEx[31Aug2024 06:19:43.099] [Server thread/INFO] [LuckPerms/]: Loading internal permission managers...
Server threadEx[31Aug2024 06:19:43.259] [Server thread/INFO] [LuckPerms/]: Performing initial data load...
Server threadEx[31Aug2024 06:19:43.439] [Server thread/INFO] [LuckPerms/]: Successfully enabled. (took 2541ms)
Server threadEx[31Aug2024 06:19:43.441] [Server thread/INFO] [nLogin/]: Enabling nLogin v10.4.4
Server threadEx[31Aug2024 06:19:44.118] [Server thread/INFO] [nLogin/]: Successful plugin core start (took 0.66s)
Server threadEx[31Aug2024 06:19:44.454] [Server thread/INFO] [Console/]:           __             _       
Server threadEx[31Aug2024 06:19:44.467] [Server thread/INFO] [Console/]:   _ __   / /  ___   __ _(_)_ __  
Server threadEx[31Aug2024 06:19:44.468] [Server thread/INFO] [Console/]:  | '_ \ / /  / _ \ / _` | | '_ \ 
Server threadEx[31Aug2024 06:19:44.469] [Server thread/INFO] [Console/]:  | | | / /__| (_) | (_| | | | | |
Server threadEx[31Aug2024 06:19:44.469] [Server thread/INFO] [Console/]:  |_| |_\____/\___/ \__, |_|_| |_|
Server threadEx[31Aug2024 06:19:44.470] [Server thread/INFO] [Console/]:                   |___/            
Server threadEx[31Aug2024 06:19:44.470] [Server thread/INFO] [Console/]:  By: www.nickuc.com - V 10.4.4 DEVELOPMENT
Server threadEx[31Aug2024 06:19:44.471] [Server thread/INFO] [Console/]:  
Server threadEx[31Aug2024 06:19:46.962] [Server thread/INFO] [WorldEdit/]: Enabling WorldEdit v7.3.1+6763-2e55f4f
Server threadEx[31Aug2024 06:19:46.972] [Server thread/INFO] [com.sk89q.worldedit.extension.platform.PlatformCommandManager/]: Registering commands with com.sk89q.worldedit.bukkit.BukkitServerInterface
Server threadEx[31Aug2024 06:19:47.067] [Server thread/INFO] [com.sk89q.wepif.PermissionsResolverManager/]: WEPIF: Using the Bukkit Permissions API.
Server threadEx[31Aug2024 06:19:47.350] [Server thread/WARN] [com.sk89q.worldedit.bukkit.WorldEditPlugin/]: 
**********************************************
** This WorldEdit version does not fully support your version of Bukkit.
**
** When working with blocks or undoing, chests will be empty, signs
** will be blank, and so on. There will be no support for entity
** and block property-related functions.
**
** Please see https://worldedit.enginehub.org/en/latest/faq/#bukkit-adapters
**********************************************

Server threadEx[31Aug2024 06:19:47.782] [Server thread/INFO] [WorldEdit/]: ====================================================
Server threadEx[31Aug2024 06:19:47.782] [Server thread/INFO] [WorldEdit/]:  WorldEdit works better if you use Paper 
Server threadEx[31Aug2024 06:19:47.782] [Server thread/INFO] [WorldEdit/]:  as your server software. 
Server threadEx[31Aug2024 06:19:47.782] [Server thread/INFO] [WorldEdit/]:   
Server threadEx[31Aug2024 06:19:47.782] [Server thread/INFO] [WorldEdit/]:  Paper offers significant performance improvements,
Server threadEx[31Aug2024 06:19:47.782] [Server thread/INFO] [WorldEdit/]:  bug fixes, security enhancements and optional
Server threadEx[31Aug2024 06:19:47.782] [Server thread/INFO] [WorldEdit/]:  features for server owners to enhance their server.
Server threadEx[31Aug2024 06:19:47.782] [Server thread/INFO] [WorldEdit/]:   
Server threadEx[31Aug2024 06:19:47.783] [Server thread/INFO] [WorldEdit/]:  Paper includes Timings v2, which is significantly
Server threadEx[31Aug2024 06:19:47.783] [Server thread/INFO] [WorldEdit/]:  better at diagnosing lag problems over v1.
Server threadEx[31Aug2024 06:19:47.783] [Server thread/INFO] [WorldEdit/]:   
Server threadEx[31Aug2024 06:19:47.783] [Server thread/INFO] [WorldEdit/]:  All of your plugins should still work, and the
Server threadEx[31Aug2024 06:19:47.783] [Server thread/INFO] [WorldEdit/]:  Paper community will gladly help you fix any issues.
Server threadEx[31Aug2024 06:19:47.783] [Server thread/INFO] [WorldEdit/]:   
Server threadEx[31Aug2024 06:19:47.783] [Server thread/INFO] [WorldEdit/]:  Join the Paper Community @ https://papermc.io
Server threadEx[31Aug2024 06:19:47.783] [Server thread/INFO] [WorldEdit/]: ====================================================
Server threadEx[31Aug2024 06:19:47.784] [Server thread/INFO] [net.minecraft.class_3176/]: Preparing level "world"
Server threadEx[31Aug2024 06:19:47.795] [Server thread/INFO] [Arclight/]: Registered 0 new dimensions
Server threadEx[31Aug2024 06:19:48.329] [Server thread/INFO] [Minecraft/]: -------- World Settings For [MINECRAFT EXTREMO] --------
Server threadEx[31Aug2024 06:19:48.330] [Server thread/INFO] [Minecraft/]: Zombie Aggressive Towards Villager: true
Server threadEx[31Aug2024 06:19:48.330] [Server thread/INFO] [Minecraft/]: Experience Merge Radius: 3.0
Server threadEx[31Aug2024 06:19:48.330] [Server thread/INFO] [Minecraft/]: Mob Spawn Range: 6
Server threadEx[31Aug2024 06:19:48.330] [Server thread/INFO] [Minecraft/]: Arrow Despawn Rate: 1200 Trident Respawn Rate:1200
Server threadEx[31Aug2024 06:19:48.330] [Server thread/INFO] [Minecraft/]: Cactus Growth Modifier: 100%
Server threadEx[31Aug2024 06:19:48.330] [Server thread/INFO] [Minecraft/]: Cane Growth Modifier: 100%
Server threadEx[31Aug2024 06:19:48.330] [Server thread/INFO] [Minecraft/]: Melon Growth Modifier: 100%
Server threadEx[31Aug2024 06:19:48.330] [Server thread/INFO] [Minecraft/]: Mushroom Growth Modifier: 100%
Server threadEx[31Aug2024 06:19:48.330] [Server thread/INFO] [Minecraft/]: Pumpkin Growth Modifier: 100%
Server threadEx[31Aug2024 06:19:48.330] [Server thread/INFO] [Minecraft/]: Sapling Growth Modifier: 100%
Server threadEx[31Aug2024 06:19:48.330] [Server thread/INFO] [Minecraft/]: Beetroot Growth Modifier: 100%
Server threadEx[31Aug2024 06:19:48.330] [Server thread/INFO] [Minecraft/]: Carrot Growth Modifier: 100%
Server threadEx[31Aug2024 06:19:48.330] [Server thread/INFO] [Minecraft/]: Potato Growth Modifier: 100%
Server threadEx[31Aug2024 06:19:48.330] [Server thread/INFO] [Minecraft/]: Wheat Growth Modifier: 100%
Server threadEx[31Aug2024 06:19:48.330] [Server thread/INFO] [Minecraft/]: NetherWart Growth Modifier: 100%
Server threadEx[31Aug2024 06:19:48.330] [Server thread/INFO] [Minecraft/]: Vine Growth Modifier: 100%
Server threadEx[31Aug2024 06:19:48.330] [Server thread/INFO] [Minecraft/]: Cocoa Growth Modifier: 100%
Server threadEx[31Aug2024 06:19:48.330] [Server thread/INFO] [Minecraft/]: Bamboo Growth Modifier: 100%
Server threadEx[31Aug2024 06:19:48.330] [Server thread/INFO] [Minecraft/]: SweetBerry Growth Modifier: 100%
Server threadEx[31Aug2024 06:19:48.330] [Server thread/INFO] [Minecraft/]: Kelp Growth Modifier: 100%
Server threadEx[31Aug2024 06:19:48.330] [Server thread/INFO] [Minecraft/]: TwistingVines Growth Modifier: 100%
Server threadEx[31Aug2024 06:19:48.331] [Server thread/INFO] [Minecraft/]: WeepingVines Growth Modifier: 100%
Server threadEx[31Aug2024 06:19:48.331] [Server thread/INFO] [Minecraft/]: CaveVines Growth Modifier: 100%
Server threadEx[31Aug2024 06:19:48.331] [Server thread/INFO] [Minecraft/]: Entity Activation Range: An 32 / Mo 32 / Ra 48 / Mi 16 / Tiv true / Isa false
Server threadEx[31Aug2024 06:19:48.331] [Server thread/INFO] [Minecraft/]: Entity Tracking Range: Pl 48 / An 48 / Mo 48 / Mi 32 / Di 128 / Other 64
Server threadEx[31Aug2024 06:19:48.331] [Server thread/INFO] [Minecraft/]: Hopper Transfer: 8 Hopper Check: 1 Hopper Amount: 1 Hopper Can Load Chunks: false
Server threadEx[31Aug2024 06:19:48.331] [Server thread/INFO] [Minecraft/]: Custom Map Seeds:  Village: 10387312 Desert: 14357617 Igloo: 14357618 Jungle: 14357619 Swamp: 14357620 Monument: 10387313 Ocean: 14357621 Shipwreck: 165745295 End City: 10387313 Slime: 987234911 Nether: 30084232 Mansion: 10387319 Fossil: 14357921 Portal: 34222645
Server threadEx[31Aug2024 06:19:48.331] [Server thread/INFO] [Minecraft/]: Max TNT Explosions: 100
Server threadEx[31Aug2024 06:19:48.331] [Server thread/INFO] [Minecraft/]: Tile Max Tick Time: 50ms Entity max Tick Time: 50ms
Server threadEx[31Aug2024 06:19:48.331] [Server thread/INFO] [Minecraft/]: Allow Zombie Pigmen to spawn from portal blocks: true
Server threadEx[31Aug2024 06:19:48.332] [Server thread/INFO] [Minecraft/]: Nerfing mobs spawned from spawners: false
Server threadEx[31Aug2024 06:19:48.332] [Server thread/INFO] [Minecraft/]: Item Merge Radius: 2.5
Server threadEx[31Aug2024 06:19:48.332] [Server thread/INFO] [Minecraft/]: Item Despawn Rate: 6000
Server threadEx[31Aug2024 06:19:48.332] [Server thread/INFO] [Minecraft/]: View Distance: 10
Server threadEx[31Aug2024 06:19:48.332] [Server thread/INFO] [Minecraft/]: Simulation Distance: 10
Server threadEx[31Aug2024 06:19:52.769] [Server thread/INFO] [Minecraft/]: -------- World Settings For [MINECRAFT EXTREMO/DIM-1] --------
Server threadEx[31Aug2024 06:19:52.769] [Server thread/INFO] [Minecraft/]: Zombie Aggressive Towards Villager: true
Server threadEx[31Aug2024 06:19:52.769] [Server thread/INFO] [Minecraft/]: Experience Merge Radius: 3.0
Server threadEx[31Aug2024 06:19:52.769] [Server thread/INFO] [Minecraft/]: Mob Spawn Range: 6
Server threadEx[31Aug2024 06:19:52.769] [Server thread/INFO] [Minecraft/]: Arrow Despawn Rate: 1200 Trident Respawn Rate:1200
Server threadEx[31Aug2024 06:19:52.769] [Server thread/INFO] [Minecraft/]: Cactus Growth Modifier: 100%
Server threadEx[31Aug2024 06:19:52.769] [Server thread/INFO] [Minecraft/]: Cane Growth Modifier: 100%
Server threadEx[31Aug2024 06:19:52.769] [Server thread/INFO] [Minecraft/]: Melon Growth Modifier: 100%
Server threadEx[31Aug2024 06:19:52.769] [Server thread/INFO] [Minecraft/]: Mushroom Growth Modifier: 100%
Server threadEx[31Aug2024 06:19:52.769] [Server thread/INFO] [Minecraft/]: Pumpkin Growth Modifier: 100%
Server threadEx[31Aug2024 06:19:52.769] [Server thread/INFO] [Minecraft/]: Sapling Growth Modifier: 100%
Server threadEx[31Aug2024 06:19:52.769] [Server thread/INFO] [Minecraft/]: Beetroot Growth Modifier: 100%
Server threadEx[31Aug2024 06:19:52.769] [Server thread/INFO] [Minecraft/]: Carrot Growth Modifier: 100%
Server threadEx[31Aug2024 06:19:52.769] [Server thread/INFO] [Minecraft/]: Potato Growth Modifier: 100%
Server threadEx[31Aug2024 06:19:52.769] [Server thread/INFO] [Minecraft/]: Wheat Growth Modifier: 100%
Server threadEx[31Aug2024 06:19:52.769] [Server thread/INFO] [Minecraft/]: NetherWart Growth Modifier: 100%
Server threadEx[31Aug2024 06:19:52.769] [Server thread/INFO] [Minecraft/]: Vine Growth Modifier: 100%
Server threadEx[31Aug2024 06:19:52.769] [Server thread/INFO] [Minecraft/]: Cocoa Growth Modifier: 100%
Server threadEx[31Aug2024 06:19:52.770] [Server thread/INFO] [Minecraft/]: Bamboo Growth Modifier: 100%
Server threadEx[31Aug2024 06:19:52.770] [Server thread/INFO] [Minecraft/]: SweetBerry Growth Modifier: 100%
Server threadEx[31Aug2024 06:19:52.770] [Server thread/INFO] [Minecraft/]: Kelp Growth Modifier: 100%
Server threadEx[31Aug2024 06:19:52.770] [Server thread/INFO] [Minecraft/]: TwistingVines Growth Modifier: 100%
Server threadEx[31Aug2024 06:19:52.770] [Server thread/INFO] [Minecraft/]: WeepingVines Growth Modifier: 100%
Server threadEx[31Aug2024 06:19:52.770] [Server thread/INFO] [Minecraft/]: CaveVines Growth Modifier: 100%
Server threadEx[31Aug2024 06:19:52.770] [Server thread/INFO] [Minecraft/]: Entity Activation Range: An 32 / Mo 32 / Ra 48 / Mi 16 / Tiv true / Isa false
Server threadEx[31Aug2024 06:19:52.770] [Server thread/INFO] [Minecraft/]: Entity Tracking Range: Pl 48 / An 48 / Mo 48 / Mi 32 / Di 128 / Other 64
Server threadEx[31Aug2024 06:19:52.770] [Server thread/INFO] [Minecraft/]: Hopper Transfer: 8 Hopper Check: 1 Hopper Amount: 1 Hopper Can Load Chunks: false
Server threadEx[31Aug2024 06:19:52.770] [Server thread/INFO] [Minecraft/]: Custom Map Seeds:  Village: 10387312 Desert: 14357617 Igloo: 14357618 Jungle: 14357619 Swamp: 14357620 Monument: 10387313 Ocean: 14357621 Shipwreck: 165745295 End City: 10387313 Slime: 987234911 Nether: 30084232 Mansion: 10387319 Fossil: 14357921 Portal: 34222645
Server threadEx[31Aug2024 06:19:52.770] [Server thread/INFO] [Minecraft/]: Max TNT Explosions: 100
Server threadEx[31Aug2024 06:19:52.770] [Server thread/INFO] [Minecraft/]: Tile Max Tick Time: 50ms Entity max Tick Time: 50ms
Server threadEx[31Aug2024 06:19:52.770] [Server thread/INFO] [Minecraft/]: Allow Zombie Pigmen to spawn from portal blocks: true
Server threadEx[31Aug2024 06:19:52.770] [Server thread/INFO] [Minecraft/]: Nerfing mobs spawned from spawners: false
Server threadEx[31Aug2024 06:19:52.770] [Server thread/INFO] [Minecraft/]: Item Merge Radius: 2.5
Server threadEx[31Aug2024 06:19:52.770] [Server thread/INFO] [Minecraft/]: Item Despawn Rate: 6000
Server threadEx[31Aug2024 06:19:52.770] [Server thread/INFO] [Minecraft/]: View Distance: 10
Server threadEx[31Aug2024 06:19:52.770] [Server thread/INFO] [Minecraft/]: Simulation Distance: 10
Server threadEx[31Aug2024 06:19:52.795] [Server thread/INFO] [Minecraft/]: -------- World Settings For [MINECRAFT EXTREMO/DIM1] --------
Server threadEx[31Aug2024 06:19:52.795] [Server thread/INFO] [Minecraft/]: Zombie Aggressive Towards Villager: true
Server threadEx[31Aug2024 06:19:52.795] [Server thread/INFO] [Minecraft/]: Experience Merge Radius: 3.0
Server threadEx[31Aug2024 06:19:52.795] [Server thread/INFO] [Minecraft/]: Mob Spawn Range: 6
Server threadEx[31Aug2024 06:19:52.795] [Server thread/INFO] [Minecraft/]: Arrow Despawn Rate: 1200 Trident Respawn Rate:1200
Server threadEx[31Aug2024 06:19:52.795] [Server thread/INFO] [Minecraft/]: Cactus Growth Modifier: 100%
Server threadEx[31Aug2024 06:19:52.795] [Server thread/INFO] [Minecraft/]: Cane Growth Modifier: 100%
Server threadEx[31Aug2024 06:19:52.795] [Server thread/INFO] [Minecraft/]: Melon Growth Modifier: 100%
Server threadEx[31Aug2024 06:19:52.795] [Server thread/INFO] [Minecraft/]: Mushroom Growth Modifier: 100%
Server threadEx[31Aug2024 06:19:52.795] [Server thread/INFO] [Minecraft/]: Pumpkin Growth Modifier: 100%
Server threadEx[31Aug2024 06:19:52.795] [Server thread/INFO] [Minecraft/]: Sapling Growth Modifier: 100%
Server threadEx[31Aug2024 06:19:52.795] [Server thread/INFO] [Minecraft/]: Beetroot Growth Modifier: 100%
Server threadEx[31Aug2024 06:19:52.795] [Server thread/INFO] [Minecraft/]: Carrot Growth Modifier: 100%
Server threadEx[31Aug2024 06:19:52.795] [Server thread/INFO] [Minecraft/]: Potato Growth Modifier: 100%
Server threadEx[31Aug2024 06:19:52.796] [Server thread/INFO] [Minecraft/]: Wheat Growth Modifier: 100%
Server threadEx[31Aug2024 06:19:52.796] [Server thread/INFO] [Minecraft/]: NetherWart Growth Modifier: 100%
Server threadEx[31Aug2024 06:19:52.796] [Server thread/INFO] [Minecraft/]: Vine Growth Modifier: 100%
Server threadEx[31Aug2024 06:19:52.796] [Server thread/INFO] [Minecraft/]: Cocoa Growth Modifier: 100%
Server threadEx[31Aug2024 06:19:52.796] [Server thread/INFO] [Minecraft/]: Bamboo Growth Modifier: 100%
Server threadEx[31Aug2024 06:19:52.796] [Server thread/INFO] [Minecraft/]: SweetBerry Growth Modifier: 100%
Server threadEx[31Aug2024 06:19:52.796] [Server thread/INFO] [Minecraft/]: Kelp Growth Modifier: 100%
Server threadEx[31Aug2024 06:19:52.796] [Server thread/INFO] [Minecraft/]: TwistingVines Growth Modifier: 100%
Server threadEx[31Aug2024 06:19:52.796] [Server thread/INFO] [Minecraft/]: WeepingVines Growth Modifier: 100%
Server threadEx[31Aug2024 06:19:52.796] [Server thread/INFO] [Minecraft/]: CaveVines Growth Modifier: 100%
Server threadEx[31Aug2024 06:19:52.796] [Server thread/INFO] [Minecraft/]: Entity Activation Range: An 32 / Mo 32 / Ra 48 / Mi 16 / Tiv true / Isa false
Server threadEx[31Aug2024 06:19:52.796] [Server thread/INFO] [Minecraft/]: Entity Tracking Range: Pl 48 / An 48 / Mo 48 / Mi 32 / Di 128 / Other 64
Server threadEx[31Aug2024 06:19:52.796] [Server thread/INFO] [Minecraft/]: Hopper Transfer: 8 Hopper Check: 1 Hopper Amount: 1 Hopper Can Load Chunks: false
Server threadEx[31Aug2024 06:19:52.796] [Server thread/INFO] [Minecraft/]: Custom Map Seeds:  Village: 10387312 Desert: 14357617 Igloo: 14357618 Jungle: 14357619 Swamp: 14357620 Monument: 10387313 Ocean: 14357621 Shipwreck: 165745295 End City: 10387313 Slime: 987234911 Nether: 30084232 Mansion: 10387319 Fossil: 14357921 Portal: 34222645
Server threadEx[31Aug2024 06:19:52.796] [Server thread/INFO] [Minecraft/]: Max TNT Explosions: 100
Server threadEx[31Aug2024 06:19:52.796] [Server thread/INFO] [Minecraft/]: Tile Max Tick Time: 50ms Entity max Tick Time: 50ms
Server threadEx[31Aug2024 06:19:52.796] [Server thread/INFO] [Minecraft/]: Allow Zombie Pigmen to spawn from portal blocks: true
Server threadEx[31Aug2024 06:19:52.796] [Server thread/INFO] [Minecraft/]: Nerfing mobs spawned from spawners: false
Server threadEx[31Aug2024 06:19:52.796] [Server thread/INFO] [Minecraft/]: Item Merge Radius: 2.5
Server threadEx[31Aug2024 06:19:52.796] [Server thread/INFO] [Minecraft/]: Item Despawn Rate: 6000
Server threadEx[31Aug2024 06:19:52.796] [Server thread/INFO] [Minecraft/]: View Distance: 10
Server threadEx[31Aug2024 06:19:52.796] [Server thread/INFO] [Minecraft/]: Simulation Distance: 10
Server threadEx[31Aug2024 06:19:52.805] [Server thread/INFO] [AnimationsCore/]: Enabling AnimationsCore v0.1-SNAPSHOT
Server threadEx[31Aug2024 06:19:52.914] [Server thread/INFO] [Chunky/]: Enabling Chunky v1.4.10
Server threadEx[31Aug2024 06:19:52.967] [Server thread/INFO] [Essentials/]: Enabling Essentials v2.21.0-dev+110-f1a5caf
Server threadEx[31Aug2024 06:19:53.236] [Server thread/ERROR] [Essentials/]: You are running a server that does not properly support Bukkit plugins. Bukkit plugins should not be used with Forge/Fabric mods! For Forge: Consider using ForgeEssentials, or SpongeForge + Nucleus.
Server threadEx[31Aug2024 06:19:53.241] [Server thread/INFO] [Essentials/]: Status determining class: net.fabricmc.loader.launch.knot.KnotServer
Server threadEx[31Aug2024 06:19:53.334] [Server thread/INFO] [Essentials/]: Attempting to convert old kits in config.yml to new kits.yml
Server threadEx[31Aug2024 06:19:53.335] [Server thread/INFO] [Essentials/]: No kits found to migrate.
Server threadEx[31Aug2024 06:19:53.859] [Server thread/INFO] [Essentials/]: Loaded 42679 items from items.json.
Server threadEx[31Aug2024 06:19:53.885] [User Authenticator #1/INFO] [net.minecraft.class_3248/]: UUID of player SakiVG is 84be2d5d-35f1-398d-8f45-569c7dbc1736
User Authenticator #1Ex[31Aug2024 06:19:53.904] [Server thread/INFO] [Essentials/]: Using locale es
Server threadEx[31Aug2024 06:19:53.940] [Server thread/INFO] [Essentials/]: ServerListPingEvent: Spigot iterator API
Server threadEx[31Aug2024 06:19:54.140] [Server thread/INFO] [Essentials/]: Starting Metrics. Opt-out using the global bStats config.
Server threadEx[31Aug2024 06:19:54.144] [Server thread/WARN] [Essentials/]: Detected supported permissions plugin LuckPerms without Vault installed.
Server threadEx[31Aug2024 06:19:54.144] [Server thread/WARN] [Essentials/]: Features such as chat prefixes/suffixes and group-related functionality will not work until you install Vault.
Server threadEx[31Aug2024 06:19:54.144] [Server thread/INFO] [Essentials/]: Using superperms-based permissions.
Server threadEx[31Aug2024 06:19:54.146] [Server thread/INFO] [PlaceholderAPI/]: Enabling PlaceholderAPI v2.11.6
Server threadEx[31Aug2024 06:19:54.390] [Server thread/INFO] [PlaceholderAPI/]: Fetching available expansion information...
Server threadEx[31Aug2024 06:19:54.395] [Server thread/INFO] [SternalBoard/]: Enabling SternalBoard v2.3.0
Server threadEx[31Aug2024 06:19:54.407] [Server thread/INFO] [SternalBoard/]: Loading library adventure-text-serializer-legacy
Server threadEx[31Aug2024 06:19:54.408] [Server thread/INFO] [SternalBoard/]: Loading library adventure-text-serializer-plain
Server threadEx[31Aug2024 06:19:54.408] [Server thread/INFO] [SternalBoard/]: Loading library adventure-text-serializer-json
Server threadEx[31Aug2024 06:19:54.408] [Server thread/INFO] [SternalBoard/]: Loading library adventure-text-serializer-ansi
Server threadEx[31Aug2024 06:19:54.408] [Server thread/INFO] [SternalBoard/]: Loading library adventure-text-serializer-gson
Server threadEx[31Aug2024 06:19:54.408] [Server thread/INFO] [SternalBoard/]: Loading library adventure-nbt
Server threadEx[31Aug2024 06:19:54.408] [Server thread/INFO] [SternalBoard/]: Loading library adventure-text-serializer-json-legacy-impl
Server threadEx[31Aug2024 06:19:54.408] [Server thread/INFO] [SternalBoard/]: Loading library adventure-text-serializer-gson-legacy-impl
Server threadEx[31Aug2024 06:19:54.408] [Server thread/INFO] [SternalBoard/]: Loading library adventure-text-minimessage
Server threadEx[31Aug2024 06:19:54.409] [Server thread/INFO] [SternalBoard/]: Loading library adventure-api
Server threadEx[31Aug2024 06:19:54.409] [Server thread/INFO] [SternalBoard/]: Loading library examination-api
Server threadEx[31Aug2024 06:19:54.409] [Server thread/INFO] [SternalBoard/]: Loading library adventure-platform-api
Server threadEx[31Aug2024 06:19:54.409] [Server thread/INFO] [SternalBoard/]: Loading library adventure-platform-bukkit
Server threadEx[31Aug2024 06:19:54.409] [Server thread/INFO] [SternalBoard/]: Loading library adventure-platform-facet
Server threadEx[31Aug2024 06:19:54.409] [Server thread/INFO] [SternalBoard/]: Loading library adventure-key
Server threadEx[31Aug2024 06:19:54.429] [Server thread/INFO] [PlayerTimeLimit/]: Enabling PlayerTimeLimit v1.6.1
Server threadEx[31Aug2024 06:19:54.448] [Server thread/INFO] [PlaceholderAPI/]: Successfully registered internal expansion: playertimelimit [1.6.1]
Server threadEx[31Aug2024 06:19:54.448] [Server thread/INFO] [Console/]: [PlayerTimeLimit] Has been enabled! Version: 1.6.1
Server threadEx[31Aug2024 06:19:54.449] [Server thread/INFO] [Console/]: [PlayerTimeLimit] Thanks for using my plugin!  ~Ajneb97
Server threadEx[31Aug2024 06:19:54.522] [Server thread/INFO] [EasyJoin/]: Enabling EasyJoin v2.2.4
Server threadEx[31Aug2024 06:19:54.527] [Server thread/INFO] [EasyJoin/]: Successfully hooked with nLogin
Server threadEx[31Aug2024 06:19:54.533] [Server thread/INFO] [Console/]: | |
Server threadEx[31Aug2024 06:19:54.535] [Server thread/INFO] [Console/]: | | EasyJoin 2.2.4 by Espryth
Server threadEx[31Aug2024 06:19:54.535] [Server thread/INFO] [Console/]: | |
Server threadEx[31Aug2024 06:19:54.540] [Server thread/INFO] [StaffPlus/]: Enabling StaffPlus v3.3.14.2
Server threadEx[31Aug2024 06:19:54.596] [Server thread/INFO] [Console/]: [Staff+] Version protocol set to 'v1_20_R3'.
Server threadEx[31Aug2024 06:19:54.688] [Server thread/INFO] [Console/]: [Staff+] Staff+ has been enabled! Initialization took 94ms.
Server threadEx[31Aug2024 06:19:54.688] [Server thread/INFO] [Console/]: [Staff+] Plugin created by Shortninja continued by Qball.
Server threadEx[31Aug2024 06:19:54.703] [Server thread/INFO] [EssentialsSpawn/]: Enabling EssentialsSpawn v2.21.0-dev+110-f1a5caf
Server threadEx[31Aug2024 06:19:54.715] [Server thread/INFO] [EssentialsSpawn/]: Starting Metrics. Opt-out using the global bStats config.
Server threadEx[31Aug2024 06:19:54.716] [Server thread/INFO] [WorldGuard/]: Enabling WorldGuard v7.0.9+5934e49
Server threadEx[31Aug2024 06:19:54.961] [Server thread/INFO] [ConditionalEvents/]: Enabling ConditionalEvents v4.56.1
Server threadEx[31Aug2024 06:19:55.036] [Server thread/INFO] [PlaceholderAPI/]: Successfully registered internal expansion: conditionalevents [4.56.1]
Server threadEx[31Aug2024 06:19:55.040] [Server thread/INFO] [Console/]: [ConditionalEvents] Has been enabled! Version: 4.56.1
Server threadEx[31Aug2024 06:19:55.040] [Server thread/INFO] [Console/]: [ConditionalEvents] Thanks for using my plugin!   ~Ajneb97
Server threadEx[31Aug2024 06:19:55.060] [Server thread/INFO] [Console/]: There is a new version available. (4.57.3)
Server threadEx[31Aug2024 06:19:55.060] [Server thread/INFO] [Console/]: You can download it at: https://modrinth.com/plugin/conditionalevents
Server threadEx[31Aug2024 06:19:55.066] [Server thread/INFO] [ProtectionStones/]: Enabling ProtectionStones v2.10.5
Server threadEx[31Aug2024 06:19:55.118] [Server thread/WARN] [ProtectionStones/]: Vault not enabled! There will be no economy support!
Server threadEx[31Aug2024 06:19:55.119] [Server thread/INFO] [ProtectionStones/]: PlaceholderAPI support enabled!
Server threadEx[31Aug2024 06:19:55.120] [Server thread/INFO] [PlaceholderAPI/]: Successfully registered internal expansion: protectionstones [2.10.5]
Server threadEx[31Aug2024 06:19:55.121] [Server thread/INFO] [ProtectionStones/]: LuckPerms support enabled!
Server threadEx[31Aug2024 06:19:55.240] [Server thread/INFO] [ProtectionStones/]: Protection Stone Blocks:
Server threadEx[31Aug2024 06:19:55.248] [Server thread/INFO] [ProtectionStones/]: - EMERALD_ORE (64)
Server threadEx[31Aug2024 06:19:55.295] [Server thread/WARN] [ProtectionStones/]: Vault is not enabled! Economy functions (renting & buying) will not work!
Server threadEx[31Aug2024 06:19:55.337] [Server thread/INFO] [ProtectionStones/]: Building region cache...
Server threadEx[31Aug2024 06:19:55.340] [Server thread/INFO] [ProtectionStones/]: Building UUID cache... (if slow change async-load-uuid-cache in the config to true)
Server threadEx[31Aug2024 06:19:55.442] [Server thread/INFO] [ProtectionStones/]: Checking if PS regions have been updated to UUIDs...
Server threadEx[31Aug2024 06:19:55.442] [Server thread/INFO] [ProtectionStones/]: ProtectionStones has successfully started!
Server threadEx[31Aug2024 06:19:55.445] [Server thread/INFO] [PvPManager/]: Enabling PvPManager v3.18.26
Server threadEx[31Aug2024 06:19:55.487] [Server thread/INFO] [Console/]: [PvPManager] Using player nametags: false
Server threadEx[31Aug2024 06:19:55.581] [Server thread/INFO] [Console/]: [PvPManager] Connected to SQLITE database successfully
Server threadEx[31Aug2024 06:19:55.586] [Server thread/INFO] [Console/]: [PvPManager] Players stored: 2
Server threadEx[31Aug2024 06:19:55.591] [Server thread/INFO] [Console/]: [PvPManager] WorldGuard Found! Enabling Support For WorldGuard Regions
Server threadEx[31Aug2024 06:19:55.597] [Server thread/INFO] [Console/]: [PvPManager] Essentials Found! Hooked successfully
Server threadEx[31Aug2024 06:19:55.598] [Server thread/WARN] [PvPManager/]: Vault not found! Features requiring Vault won't work!
Server threadEx[31Aug2024 06:19:55.598] [Server thread/INFO] [Console/]: [PvPManager] PlaceholderAPI Found! Hooked successfully
Server threadEx[31Aug2024 06:19:55.601] [Server thread/INFO] [PlaceholderAPI/]: Successfully registered internal expansion: pvpmanager [3.18.26]
Server threadEx[31Aug2024 06:19:55.642] [Server thread/INFO] [Console/]: [PvPManager] PvPManager v3.18.26 enabled (196 ms)
Server threadEx[31Aug2024 06:19:55.662] [Server thread/INFO] [Minecraft/]: Server permissions file permissions.yml is empty, ignoring it
Server threadEx[31Aug2024 06:19:55.771] [Server thread/INFO] [PlaceholderAPI/]: Placeholder expansion registration initializing...
Server threadEx[31Aug2024 06:19:55.774] [Server thread/INFO] [net.minecraft.server.MinecraftServer/]: Preparing start region for dimension minecraft:overworld
Server threadEx[31Aug2024 06:19:58.654] [PvPManager Worker Thread - 0/INFO] [PvPManager/]: Checking for updates...
PvPManager Worker Thread - 0Ex[31Aug2024 06:19:59.018] [PvPManager Worker Thread - 0/INFO] [PvPManager/]: No update found
PvPManager Worker Thread - 0Ex[31Aug2024 06:20:00.885] [Worker-Main-2/INFO] [net.minecraft.class_3951/]: Preparing spawn area: 0%
Worker-Main-2Ex[31Aug2024 06:20:00.937] [Worker-Main-2/INFO] [net.minecraft.class_3951/]: Preparing spawn area: 0%
Worker-Main-2Ex[31Aug2024 06:20:01.010] [Worker-Main-1/INFO] [net.minecraft.class_3951/]: Preparing spawn area: 0%
Worker-Main-1Ex[31Aug2024 06:20:01.021] [Worker-Main-1/INFO] [net.minecraft.class_3951/]: Preparing spawn area: 0%
Worker-Main-1Ex[31Aug2024 06:20:01.037] [Worker-Main-1/INFO] [net.minecraft.class_3951/]: Preparing spawn area: 0%
Worker-Main-1Ex[31Aug2024 06:20:01.086] [Worker-Main-2/INFO] [net.minecraft.class_3951/]: Preparing spawn area: 0%
Worker-Main-2Ex[31Aug2024 06:20:01.132] [Worker-Main-1/INFO] [net.minecraft.class_3951/]: Preparing spawn area: 0%
Worker-Main-1Ex[31Aug2024 06:20:01.150] [Worker-Main-2/INFO] [net.minecraft.class_3951/]: Preparing spawn area: 0%
Worker-Main-2Ex[31Aug2024 06:20:01.172] [Worker-Main-3/INFO] [net.minecraft.class_3951/]: Preparing spawn area: 0%
Worker-Main-3Ex[31Aug2024 06:20:01.187] [Worker-Main-3/INFO] [net.minecraft.class_3951/]: Preparing spawn area: 0%
Worker-Main-3Ex[31Aug2024 06:20:01.206] [Worker-Main-3/INFO] [net.minecraft.class_3951/]: Preparing spawn area: 0%
Worker-Main-3Ex[31Aug2024 06:20:01.286] [Worker-Main-3/INFO] [net.minecraft.class_3951/]: Preparing spawn area: 0%
Worker-Main-3Ex[31Aug2024 06:20:01.776] [Worker-Main-1/INFO] [net.minecraft.class_3951/]: Preparing spawn area: 0%
Worker-Main-1Ex[31Aug2024 06:20:02.275] [Worker-Main-3/INFO] [net.minecraft.class_3951/]: Preparing spawn area: 0%
Worker-Main-3Ex[31Aug2024 06:20:02.775] [Worker-Main-3/INFO] [net.minecraft.class_3951/]: Preparing spawn area: 10%
Worker-Main-3Ex[31Aug2024 06:20:03.275] [Worker-Main-1/INFO] [net.minecraft.class_3951/]: Preparing spawn area: 65%
Worker-Main-1Ex[31Aug2024 06:20:03.593] [Server thread/INFO] [net.minecraft.class_3951/]: Time elapsed: 7819 ms
Server threadEx[31Aug2024 06:20:03.593] [Server thread/INFO] [net.minecraft.class_3176/]: Done (15.810s)! For help, type "help"
Server threadEx[31Aug2024 06:20:03.626] [Server thread/INFO] [CPM/]: Loaded Reach Entity Attributes scaler
Server threadEx[31Aug2024 06:20:03.635] [Server thread/INFO] [snownee.jade.Jade/]: Start loading plugin from Jade
Server threadEx[31Aug2024 06:20:03.647] [Server thread/INFO] [snownee.jade.Jade/]: Start loading plugin from Jade
Server threadEx[31Aug2024 06:20:03.663] [User Authenticator #2/INFO] [net.minecraft.class_3248/]: UUID of player SakiVG is 84be2d5d-35f1-398d-8f45-569c7dbc1736
User Authenticator #2Ex[31Aug2024 06:20:03.667] [Server thread/INFO] [snownee.jade.Jade/]: Start loading plugin from Jade
Server threadEx[31Aug2024 06:20:03.674] [Server thread/INFO] [snownee.jade.Jade/]: Start loading plugin from Jade
Server threadEx[31Aug2024 06:20:03.675] [Server thread/INFO] [snownee.jade.Jade/]: Start loading plugin from Polymer (Core)
Server threadEx[31Aug2024 06:20:03.689] [Server thread/WARN] [voicechat/]: [voicechat] Running in offline mode - Voice chat encryption is not secure!
Server threadEx[31Aug2024 06:20:03.734] [Server thread/INFO] [xaero.minimap.XaeroMinimap/]: Loading Xaero's Minimap - Stage 2/2 (Server)
Server threadEx[31Aug2024 06:20:03.742] [VoiceChatServerThread/INFO] [voicechat/]: [voicechat] Voice chat server started at port 24454
VoiceChatServerThreadEx[31Aug2024 06:20:03.792] [Craft Scheduler Thread - 0/INFO] [Essentials/]: Obteniendo información de versión...
Craft Scheduler Thread - 0Ex[31Aug2024 06:20:03.797] [Server thread/INFO] [PlaceholderAPI/]: Successfully registered external expansion: player [2.0.8]
Server threadEx[31Aug2024 06:20:03.797] [Server thread/INFO] [PlaceholderAPI/]: Successfully registered external expansion: objective [4.2.0]
Server threadEx[31Aug2024 06:20:03.798] [Server thread/INFO] [Console/]: 2 placeholder hook(s) registered!
Server threadEx[31Aug2024 06:20:03.939] [Craft Scheduler Thread - 0/WARN] [Essentials/]: ¡Estás a 1 compilación(es) de desactualización de EssentialsX!
Craft Scheduler Thread - 0Ex[31Aug2024 06:20:03.939] [Craft Scheduler Thread - 0/WARN] [Essentials/]: Descárgala aquí: https://essentialsx.net/downloads.html
Craft Scheduler Thread - 0Ex[31Aug2024 06:20:04.023] [Server thread/INFO] [net.minecraft.class_3248/]: SakiVG (/100.105.149.45:61413) lost connection: Disconnected
Server threadEx[31Aug2024 06:20:04.703] [Craft Scheduler Thread - 3/INFO] [StaffPlus/]: You are using the latest version thanks
Craft Scheduler Thread - 3Ex[31Aug2024 06:20:05.880] [Server thread/INFO] [net.minecraft.class_3324/]: SakiVG[/100.105.149.45:61425] logged in with entity id 15 at (215.5, 320.0, -41.5)
Server threadEx[31Aug2024 06:20:05.956] [Server thread/INFO] [com.tiviacz.travelersbackpack.TravelersBackpack/]: Loading config from file...
Server threadEx[31Aug2024 06:20:06.029] [Server thread/INFO] [voicechat/]: [voicechat] Using Fabric Permissions API
Server threadEx[31Aug2024 06:20:06.063] [Server thread/INFO] [Essentials/]: Created a User for SakiVG (84be2d5d-35f1-398d-8f45-569c7dbc1736) for non Bukkit type: org.bukkit.craftbukkit.v1_20_R3.entity.CraftPlayer
Server threadEx[31Aug2024 06:20:07.018] [Server thread/ERROR] [Minecraft/]: Could not pass event PlayerJoinEvent to SternalBoard v2.3.0
Server threadEx org.bukkit.event.EventException: null
	at org.bukkit.plugin.RegisteredListener.callEvent(RegisteredListener.java:70) ~[arclight-1.20.4-1.0.4-80ec5df.jar:?]
	at org.bukkit.plugin.SimplePluginManager.fireEvent(SimplePluginManager.java:600) ~[arclight-1.20.4-1.0.4-80ec5df.jar:?]
	at org.bukkit.plugin.SimplePluginManager.callEvent(SimplePluginManager.java:587) ~[arclight-1.20.4-1.0.4-80ec5df.jar:?]
	at net.minecraft.class_3324.eject$zcm000$arclight$playerJoin(PlayerListMixin.java:1140) ~[server-intermediary.jar:?]
	at net.minecraft.class_3324.method_14570(PlayerListMixin.java:213) ~[server-intermediary.jar:?]
	at net.minecraft.class_8610.mixinextras$bridge$method_14570$30(ServerConfigurationPacketListenerImplMixin.java) ~[server-intermediary.jar:?]
	at net.minecraft.class_8610.md22c82b$polymer-networking$lambda$polymerNet$prePlayHandshakeHackfest$0$0(ServerConfigurationPacketListenerImplMixin.java:1544) ~[server-intermediary.jar:?]
	at eu.pb4.polymer.networking.impl.EarlyPlayConnectionMagic.lambda$handle$0(EarlyPlayConnectionMagic.java:36) ~[polymer-networking-0.7.7+1.20.4-6b962b699fc0802.jar:?]
	at eu.pb4.polymer.networking.impl.EarlyPlayConnectionMagic.handle(EarlyPlayConnectionMagic.java:39) ~[polymer-networking-0.7.7+1.20.4-6b962b699fc0802.jar:?]
	at net.minecraft.class_8610.wrapOperation$cjk000$polymer-networking$polymerNet$prePlayHandshakeHackfest(ServerConfigurationPacketListenerImplMixin.java:1531) ~[server-intermediary.jar:?]
	at net.minecraft.class_8610.method_52408(ServerConfigurationPacketListenerImplMixin.java:128) ~[server-intermediary.jar:?]
	at net.minecraft.class_8736.method_53043(class_8736.java:20) ~[server-intermediary.jar:?]
	at net.minecraft.class_8736.method_11054(class_8736.java:7) ~[server-intermediary.jar:?]
	at net.minecraft.class_2600.md22c82b$arclight$lambda$ensureRunningOnSameThread$0$0(PacketThreadUtilMixin.java:535) ~[server-intermediary.jar:?]
	at net.minecraft.class_3738.run(class_3738.java:18) ~[server-intermediary.jar:?]
	at net.minecraft.class_1255.method_18859(class_1255.java:156) ~[server-intermediary.jar:?]
	at net.minecraft.class_4093.method_18859(class_4093.java:23) ~[server-intermediary.jar:?]
	at net.minecraft.server.MinecraftServer.method_24306(MinecraftServerMixin.java:797) ~[server-intermediary.jar:?]
	at net.minecraft.server.MinecraftServer.method_18859(MinecraftServerMixin.java:165) ~[server-intermediary.jar:?]
	at net.minecraft.class_1255.method_16075(class_1255.java:130) ~[server-intermediary.jar:?]
	at net.minecraft.server.MinecraftServer.method_20415(MinecraftServerMixin.java:779) ~[server-intermediary.jar:?]
	at net.minecraft.server.MinecraftServer.method_16075(MinecraftServerMixin.java:773) ~[server-intermediary.jar:?]
	at net.minecraft.class_1255.method_18857(class_1255.java:139) ~[server-intermediary.jar:?]
	at net.minecraft.server.MinecraftServer.method_16208(MinecraftServerMixin.java:758) ~[server-intermediary.jar:?]
	at net.minecraft.server.MinecraftServer.method_29741(MinecraftServerMixin.java:2131) ~[server-intermediary.jar:?]
	at net.minecraft.server.MinecraftServer.method_29739(MinecraftServerMixin.java:270) ~[server-intermediary.jar:?]
	at java.lang.Thread.run(Thread.java:1583) ~[?:?]
Caused by: java.lang.NullPointerException: Cannot invoke "ptl.ajneb97.model.TimeLimitPlayer.getCurrentTime()" because "p" is null
	at ptl.ajneb97.managers.PlayerManager.getTimeLeft(PlayerManager.java:136) ~[?:?]
	at ptl.ajneb97.api.PlayerTimeLimitAPI.getTimeLeft(PlayerTimeLimitAPI.java:21) ~[?:?]
	at ptl.ajneb97.api.ExpansionPlayerTimeLimit.onPlaceholderRequest(ExpansionPlayerTimeLimit.java:107) ~[?:?]
	at me.clip.placeholderapi.PlaceholderHook.onRequest(PlaceholderHook.java:32) ~[?:?]
	at me.clip.placeholderapi.replacer.CharsReplacer.apply(CharsReplacer.java:119) ~[?:?]
	at me.clip.placeholderapi.PlaceholderAPI.setPlaceholders(PlaceholderAPI.java:71) ~[?:?]
	at me.clip.placeholderapi.PlaceholderAPI.setPlaceholders(PlaceholderAPI.java:99) ~[?:?]
	at com.xism4.sternalboard.utils.TextUtils.processPlaceholders(TextUtils.java:62) ~[?:?]
	at com.xism4.sternalboard.Scoreboards.lambda$updateFromSection$0(Scoreboards.java:28) ~[?:?]
	at java.util.ArrayList.replaceAllRange(ArrayList.java:1795) ~[?:?]
	at java.util.ArrayList.replaceAll(ArrayList.java:1785) ~[?:?]
	at com.xism4.sternalboard.Scoreboards.updateFromSection(Scoreboards.java:28) ~[?:?]
	at com.xism4.sternalboard.managers.ScoreboardManager.setScoreboard(ScoreboardManager.java:75) ~[?:?]
	at com.xism4.sternalboard.managers.ScoreboardManager.setBoardAfterCheck(ScoreboardManager.java:171) ~[?:?]
	at com.xism4.sternalboard.listeners.ScoreboardListener.onJoin(ScoreboardListener.java:19) ~[?:?]
	... 27 more
[31Aug2024 06:20:07.427] [Server thread/INFO] [net.minecraft.server.MinecraftServer/]: Set [vidas] for SakiVG to 3
Server threadEx[31Aug2024 06:20:07.759] [Server thread/INFO] [voicechat/]: [voicechat] Received secret request of SakiVG (18)
Server threadEx[31Aug2024 06:20:07.761] [Server thread/INFO] [voicechat/]: [voicechat] Sent secret to SakiVG
Server threadEx[31Aug2024 06:20:07.961] [Server thread/INFO] [net.minecraft.server.MinecraftServer/]: SakiVG has made the advancement [Getting an Upgrade]
Server threadEx[31Aug2024 06:20:07.995] [VoiceChatPacketProcessingThread/INFO] [voicechat/]: [voicechat] Successfully authenticated player 84be2d5d-35f1-398d-8f45-569c7dbc1736
VoiceChatPacketProcessingThreadEx[31Aug2024 06:20:08.990] [VoiceChatPacketProcessingThread/INFO] [voicechat/]: [voicechat] Successfully validated connection of player 84be2d5d-35f1-398d-8f45-569c7dbc1736
VoiceChatPacketProcessingThreadEx[31Aug2024 06:20:08.999] [VoiceChatPacketProcessingThread/INFO] [voicechat/]: [voicechat] Player SakiVG (84be2d5d-35f1-398d-8f45-569c7dbc1736) successfully connected to voice chat
VoiceChatPacketProcessingThreadEx[31Aug2024 06:20:17.752] [Craft Scheduler Thread - 3/INFO] [nLogin/]: The user SakiVG has successfully registered.
Craft Scheduler Thread - 3Ex[31Aug2024 06:20:30.915] [User Authenticator #3/INFO] [net.minecraft.class_3248/]: UUID of player Lixo_354 is b5d52b9a-a31f-3945-9b31-f5dd4253670e
User Authenticator #3Ex[31Aug2024 06:20:32.962] [Server thread/INFO] [net.minecraft.class_3324/]: Lixo_354[/100.83.184.85:50981] logged in with entity id 19 at (176.5017703407063, 112.0, -231.4044348486757)
Server threadEx[31Aug2024 06:20:32.976] [Server thread/INFO] [com.tiviacz.travelersbackpack.TravelersBackpack/]: Loading config from file...
Server threadEx[31Aug2024 06:20:34.115] [Server thread/INFO] [voicechat/]: [voicechat] Received secret request of Lixo_354 (18)
Server threadEx[31Aug2024 06:20:34.116] [Server thread/INFO] [voicechat/]: [voicechat] Sent secret to Lixo_354
Server threadEx[31Aug2024 06:20:37.053] [VoiceChatPacketProcessingThread/INFO] [voicechat/]: [voicechat] Successfully authenticated player b5d52b9a-a31f-3945-9b31-f5dd4253670e
VoiceChatPacketProcessingThreadEx[31Aug2024 06:20:38.003] [Server thread/INFO] [net.minecraft.class_3244/]: SakiVG lost connection: Disconnected
Server threadEx[31Aug2024 06:20:38.005] [Server thread/INFO] [voicechat/]: [voicechat] Disconnecting client SakiVG
Server threadEx[31Aug2024 06:20:38.007] [Server thread/INFO] [Console/]:  SakiVG Se desconecto de la aventura
Server threadEx[31Aug2024 06:20:38.041] [VoiceChatPacketProcessingThread/INFO] [voicechat/]: [voicechat] Successfully validated connection of player b5d52b9a-a31f-3945-9b31-f5dd4253670e
VoiceChatPacketProcessingThreadEx[31Aug2024 06:20:38.042] [VoiceChatPacketProcessingThread/INFO] [voicechat/]: [voicechat] Player Lixo_354 (b5d52b9a-a31f-3945-9b31-f5dd4253670e) successfully connected to voice chat
VoiceChatPacketProcessingThreadEx[31Aug2024 06:20:40.460] [User Authenticator #4/INFO] [net.minecraft.class_3248/]: UUID of player SakiVG is 84be2d5d-35f1-398d-8f45-569c7dbc1736
User Authenticator #4Ex[31Aug2024 06:20:41.100] [Server thread/WARN] [net.minecraft.class_3218/]: Tried to add entity minecraft:zombie but it was marked as removed already
Server threadEx[31Aug2024 06:20:41.524] [Server thread/INFO] [net.minecraft.class_3324/]: SakiVG[/100.105.149.45:61445] logged in with entity id 524 at (216.51560304148114, 316.0, -53.77288850196861)
Server threadEx[31Aug2024 06:20:41.529] [Server thread/INFO] [com.tiviacz.travelersbackpack.TravelersBackpack/]: Loading config from file...
Server threadEx[31Aug2024 06:20:41.565] [Server thread/INFO] [Console/]:  SakiVG Se conecto de la aventura
Server threadEx[31Aug2024 06:20:41.978] [Server thread/INFO] [voicechat/]: [voicechat] Received secret request of SakiVG (18)
Server threadEx[31Aug2024 06:20:41.979] [Server thread/INFO] [voicechat/]: [voicechat] Sent secret to SakiVG
Server threadEx[31Aug2024 06:20:42.079] [VoiceChatPacketProcessingThread/INFO] [voicechat/]: [voicechat] Successfully authenticated player 84be2d5d-35f1-398d-8f45-569c7dbc1736
VoiceChatPacketProcessingThreadEx[31Aug2024 06:20:43.081] [VoiceChatPacketProcessingThread/INFO] [voicechat/]: [voicechat] Successfully validated connection of player 84be2d5d-35f1-398d-8f45-569c7dbc1736
VoiceChatPacketProcessingThreadEx[31Aug2024 06:20:43.081] [VoiceChatPacketProcessingThread/INFO] [voicechat/]: [voicechat] Player SakiVG (84be2d5d-35f1-398d-8f45-569c7dbc1736) successfully connected to voice chat
VoiceChatPacketProcessingThreadEx[31Aug2024 06:20:45.099] [Server thread/WARN] [net.minecraft.class_3218/]: Tried to add entity minecraft:zombie but it was marked as removed already
Server threadEx[31Aug2024 06:20:46.795] [Craft Scheduler Thread - 8/INFO] [nLogin/]: The user SakiVG has successfully logged in.
Craft Scheduler Thread - 8Ex[31Aug2024 06:20:48.054] [Craft Scheduler Thread - 8/INFO] [nLogin/]: The user Lixo_354 has successfully logged in.
Craft Scheduler Thread - 8Ex[31Aug2024 06:20:50.001] [Server thread/WARN] [net.minecraft.class_3218/]: Tried to add entity minecraft:skeleton but it was marked as removed already
Server threadEx[31Aug2024 06:20:52.450] [Server thread/WARN] [net.minecraft.class_3218/]: Tried to add entity minecraft:skeleton but it was marked as removed already
Server threadEx[31Aug2024 06:20:52.600] [Server thread/WARN] [net.minecraft.class_3218/]: Tried to add entity minecraft:skeleton but it was marked as removed already
Server threadEx[31Aug2024 06:20:52.999] [Server thread/WARN] [net.minecraft.class_3218/]: Tried to add entity minecraft:skeleton but it was marked as removed already
Server threadEx[31Aug2024 06:20:55.444] [Server thread/INFO] [net.minecraft.class_3244/]: Lixo_354 issued server command: /tp SakiVG Lixo_354
Server threadEx[31Aug2024 06:21:02.648] [Server thread/WARN] [net.minecraft.class_3218/]: Tried to add entity minecraft:zombie but it was marked as removed already
Server threadEx[31Aug2024 06:21:03.179] [Server thread/INFO] [net.minecraft.class_3244/]: Lixo_354 issued server command: /time set day
Server threadEx[31Aug2024 06:21:07.600] [Server thread/WARN] [net.minecraft.class_3218/]: Tried to add entity minecraft:zombie but it was marked as removed already
Server threadEx[31Aug2024 06:21:40.098] [Server thread/WARN] [net.minecraft.class_3218/]: Tried to add entity minecraft:skeleton but it was marked as removed already
Server threadEx[31Aug2024 06:21:44.160] [Async Chat Thread - #0/INFO] [Console/]: <Lixo_354> me ves la skin?
Async Chat Thread - #0Ex[31Aug2024 06:21:50.998] [Server thread/WARN] [net.minecraft.class_3218/]: Tried to add entity minecraft:zombie but it was marked as removed already
Server threadEx[31Aug2024 06:21:58.897] [Server thread/WARN] [net.minecraft.class_3218/]: Tried to add entity minecraft:skeleton but it was marked as removed already
Server threadEx[31Aug2024 06:22:01.398] [Server thread/WARN] [net.minecraft.class_3218/]: Tried to add entity minecraft:zombie but it was marked as removed already
Server threadEx[31Aug2024 06:22:03.579] [Async Chat Thread - #0/INFO] [Console/]: <SakiVG> si
Async Chat Thread - #0Ex[31Aug2024 06:22:04.748] [Async Chat Thread - #1/INFO] [Console/]: <Lixo_354> oaaaaaa
Async Chat Thread - #1Ex[31Aug2024 06:22:08.047] [Server thread/WARN] [net.minecraft.class_3218/]: Tried to add entity minecraft:skeleton but it was marked as removed already
Server threadEx[31Aug2024 06:22:08.130] [Async Chat Thread - #0/INFO] [Console/]: <Lixo_354> bro
Async Chat Thread - #0Ex[31Aug2024 06:22:18.244] [Async Chat Thread - #1/INFO] [Console/]: <Lixo_354> yo hice la skin para los admins
Async Chat Thread - #1Ex[31Aug2024 06:22:26.597] [Server thread/WARN] [net.minecraft.class_3218/]: Tried to add entity minecraft:skeleton but it was marked as removed already
Server threadEx[31Aug2024 06:22:27.679] [Async Chat Thread - #0/INFO] [Console/]: <Lixo_354> dejame te la muestro
Async Chat Thread - #0Ex[31Aug2024 06:22:32.096] [Async Chat Thread - #1/INFO] [Console/]: <SakiVG> dale
Async Chat Thread - #1Ex[31Aug2024 06:22:44.798] [Server thread/WARN] [net.minecraft.class_3218/]: Tried to add entity minecraft:skeleton but it was marked as removed already
Server threadEx[31Aug2024 06:22:47.498] [Server thread/WARN] [net.minecraft.class_3218/]: Tried to add entity minecraft:skeleton but it was marked as removed already
Server threadEx[31Aug2024 06:22:50.362] [Async Chat Thread - #0/INFO] [Console/]: <SakiVG> good
Async Chat Thread - #0Ex[31Aug2024 06:22:54.797] [Server thread/WARN] [net.minecraft.class_3218/]: Tried to add entity minecraft:skeleton but it was marked as removed already
Server threadEx[31Aug2024 06:22:58.658] [Async Chat Thread - #1/INFO] [Console/]: <Lixo_354> te gustea?
Async Chat Thread - #1Ex[31Aug2024 06:23:03.956] [Async Chat Thread - #0/INFO] [Console/]: <SakiVG> esta muy buena
Async Chat Thread - #0Ex[31Aug2024 06:23:04.836] [Async Chat Thread - #1/INFO] [Console/]: <Lixo_354> gusta*
Async Chat Thread - #1Ex[31Aug2024 06:23:04.898] [Server thread/WARN] [net.minecraft.class_3218/]: Tried to add entity minecraft:zombie but it was marked as removed already
Server threadEx[31Aug2024 06:23:12.589] [Server thread/INFO] [net.minecraft.class_3244/]: Lixo_354 issued server command: /op SakiVG
Server threadEx[31Aug2024 06:23:12.610] [Server thread/INFO] [net.minecraft.server.MinecraftServer/]: [Lixo_354: Made SakiVG a server operator]
Server threadEx[31Aug2024 06:23:14.398] [Server thread/WARN] [net.minecraft.class_3218/]: Tried to add entity minecraft:skeleton but it was marked as removed already
Server threadEx[31Aug2024 06:23:18.135] [Server thread/INFO] [net.minecraft.class_3244/]: Lixo_354 issued server command: /gamemode creative SakiVG
Server threadEx[31Aug2024 06:23:19.406] [Server thread/INFO] [net.minecraft.class_3244/]: SakiVG issued server command: /gamemode creative
Server threadEx[31Aug2024 06:23:22.474] [Server thread/INFO] [net.minecraft.class_3244/]: SakiVG issued server command: /rain
Server threadEx[31Aug2024 06:23:33.318] [Async Chat Thread - #0/INFO] [Console/]: <Lixo_354> llueve?
Async Chat Thread - #0Ex[31Aug2024 06:23:37.921] [Server thread/INFO] [net.minecraft.class_3244/]: SakiVG issued server command: /essentials:rain
Server threadEx[31Aug2024 06:23:46.077] [Server thread/INFO] [net.minecraft.class_3244/]: SakiVG issued server command: /weather clear
Server threadEx[31Aug2024 06:23:46.198] [Server thread/WARN] [net.minecraft.class_3218/]: Tried to add entity minecraft:skeleton but it was marked as removed already
Server threadEx[31Aug2024 06:23:52.601] [Server thread/INFO] [net.minecraft.class_3244/]: SakiVG issued server command: /rain storm
Server threadEx[31Aug2024 06:23:54.035] [Async Chat Thread - #1/INFO] [Console/]: <Lixo_354> llovio?
Async Chat Thread - #1Ex[31Aug2024 06:24:00.497] [Server thread/WARN] [net.minecraft.class_3218/]: Tried to add entity minecraft:skeleton but it was marked as removed already
Server threadEx[31Aug2024 06:24:00.655] [Server thread/INFO] [net.minecraft.class_3244/]: SakiVG issued server command: /rain clear
Server threadEx[31Aug2024 06:24:02.880] [Async Chat Thread - #0/INFO] [Console/]: <SakiVG> nop
Async Chat Thread - #0Ex[31Aug2024 06:24:08.977] [Async Chat Thread - #1/INFO] [Console/]: <SakiVG> se pone nublado
Async Chat Thread - #1Ex[31Aug2024 06:24:13.981] [Async Chat Thread - #0/INFO] [Console/]: <Lixo_354> que raro verdad?
Async Chat Thread - #0Ex[31Aug2024 06:24:19.364] [Async Chat Thread - #1/INFO] [Console/]: <SakiVG> si
Async Chat Thread - #1Ex[31Aug2024 06:24:19.497] [Server thread/WARN] [net.minecraft.class_3218/]: Tried to add entity minecraft:zombie but it was marked as removed already
Server threadEx[31Aug2024 06:24:24.898] [Server thread/WARN] [net.minecraft.class_3218/]: Tried to add entity minecraft:zombie but it was marked as removed already
Server threadEx[31Aug2024 06:24:24.898] [Server thread/WARN] [net.minecraft.class_3218/]: Tried to add entity minecraft:zombie but it was marked as removed already
Server threadEx[31Aug2024 06:24:34.453] [Async Chat Thread - #0/INFO] [Console/]: <Lixo_354> sin la lluvia no habra lluvi acida
Async Chat Thread - #0Ex[31Aug2024 06:24:50.749] [Async Chat Thread - #1/INFO] [Console/]: <SakiVG> creo que ya se porque
Async Chat Thread - #1Ex[31Aug2024 06:24:56.147] [Server thread/WARN] [net.minecraft.class_3218/]: Tried to add entity minecraft:skeleton but it was marked as removed already
Server threadEx[31Aug2024 06:24:57.299] [Server thread/WARN] [net.minecraft.class_3218/]: Tried to add entity minecraft:skeleton but it was marked as removed already
Server threadEx[31Aug2024 06:25:00.019] [Server thread/INFO] [net.minecraft.class_3244/]: SakiVG issued server command: /rain
Server threadEx[31Aug2024 06:25:02.301] [Async Chat Thread - #1/INFO] [Console/]: <SakiVG> xd
Async Chat Thread - #1Ex[31Aug2024 06:25:03.197] [Server thread/WARN] [net.minecraft.class_3218/]: Tried to add entity minecraft:zombie but it was marked as removed already
Server threadEx[31Aug2024 06:25:05.992] [Async Chat Thread - #0/INFO] [Console/]: <SakiVG> es el bioma
Async Chat Thread - #0Ex[31Aug2024 06:25:07.147] [Server thread/WARN] [net.minecraft.class_3218/]: Tried to add entity minecraft:skeleton but it was marked as removed already
Server threadEx[31Aug2024 06:25:14.450] [Server thread/WARN] [net.minecraft.class_3218/]: Tried to add entity minecraft:zombie but it was marked as removed already
Server threadEx[31Aug2024 06:25:16.099] [Server thread/WARN] [net.minecraft.class_3218/]: Tried to add entity minecraft:zombie but it was marked as removed already
Server threadEx[31Aug2024 06:25:16.277] [Server thread/INFO] [net.minecraft.class_3244/]: SakiVG issued server command: /tp Lixo_354 SakiVG
Server threadEx[31Aug2024 06:25:16.879] [Server thread/INFO] [net.minecraft.class_3244/]: Lixo_354 issued server command: /tp Lixo_354 SakiVG
Server threadEx[31Aug2024 06:25:17.298] [Server thread/WARN] [net.minecraft.class_3218/]: Tried to add entity minecraft:skeleton but it was marked as removed already
Server threadEx[31Aug2024 06:25:19.648] [Server thread/WARN] [net.minecraft.class_3218/]: Tried to add entity minecraft:skeleton but it was marked as removed already
Server threadEx[31Aug2024 06:25:20.200] [Async Chat Thread - #1/INFO] [Console/]: <Lixo_354> a
Async Chat Thread - #1Ex[31Aug2024 06:25:22.399] [Server thread/WARN] [net.minecraft.class_3218/]: Tried to add entity minecraft:skeleton but it was marked as removed already
Server threadEx[31Aug2024 06:25:22.557] [Async Chat Thread - #0/INFO] [Console/]: <SakiVG> xd
Async Chat Thread - #0Ex[31Aug2024 06:25:22.749] [Server thread/WARN] [net.minecraft.class_3218/]: Tried to add entity minecraft:zombie but it was marked as removed already
Server threadEx[31Aug2024 06:25:26.440] [Async Chat Thread - #1/INFO] [Console/]: <Lixo_354> quedate aqui
Async Chat Thread - #1Ex[31Aug2024 06:25:39.753] [Server thread/INFO] [net.minecraft.class_3244/]: Lixo_354 issued server command: /gamemode survival SakiVG
Server threadEx[31Aug2024 06:25:48.350] [Server thread/WARN] [net.minecraft.class_3218/]: Tried to add entity minecraft:skeleton but it was marked as removed already
Server threadEx[31Aug2024 06:26:21.185] [Server thread/INFO] [net.minecraft.class_3244/]: Lixo_354 issued server command: /tp Lixo_354 SakiVG
Server threadEx[31Aug2024 06:26:22.849] [Server thread/WARN] [net.minecraft.class_3218/]: Tried to add entity minecraft:skeleton but it was marked as removed already
Server threadEx[31Aug2024 06:26:30.663] [Server thread/INFO] [net.minecraft.class_3244/]: Lixo_354 issued server command: /pvp * ON
Server threadEx[31Aug2024 06:26:38.299] [Server thread/WARN] [net.minecraft.class_3218/]: Tried to add entity minecraft:skeleton but it was marked as removed already
Server threadEx[31Aug2024 06:26:45.021] [Async Chat Thread - #3/INFO] [Console/]: <Lixo_354> estas en creativo?
Async Chat Thread - #3Ex[31Aug2024 06:26:50.611] [Async Chat Thread - #3/INFO] [Console/]: <SakiVG> no
Async Chat Thread - #3Ex[31Aug2024 06:26:56.498] [Server thread/WARN] [net.minecraft.class_3218/]: Tried to add entity minecraft:skeleton but it was marked as removed already
Server threadEx[31Aug2024 06:26:58.055] [Server thread/INFO] [net.minecraft.class_3244/]: SakiVG issued server command: /gamemode survival
Server threadEx[31Aug2024 06:26:59.348] [Async Chat Thread - #2/INFO] [Console/]: <Lixo_354> ya va
Async Chat Thread - #2Ex[31Aug2024 06:27:04.649] [Server thread/WARN] [net.minecraft.class_3218/]: Tried to add entity minecraft:skeleton but it was marked as removed already
Server threadEx[31Aug2024 06:27:09.549] [Server thread/WARN] [net.minecraft.class_3218/]: Tried to add entity minecraft:zombie but it was marked as removed already
Server threadEx[31Aug2024 06:27:10.675] [Server thread/INFO] [net.minecraft.class_3244/]: SakiVG issued server command: /godmode
Server threadEx[31Aug2024 06:27:12.809] [Server thread/INFO] [net.minecraft.class_3244/]: SakiVG issued server command: /godmode
Server threadEx[31Aug2024 06:27:14.499] [Server thread/WARN] [net.minecraft.class_3218/]: Tried to add entity minecraft:skeleton but it was marked as removed already
Server threadEx[31Aug2024 06:27:22.848] [Server thread/WARN] [net.minecraft.class_3218/]: Tried to add entity minecraft:zombie but it was marked as removed already
Server threadEx[31Aug2024 06:27:32.687] [Server thread/INFO] [net.minecraft.class_3244/]: Lixo_354 issued server command: /tp Lixo_354 SakiVG
Server threadEx[31Aug2024 06:27:33.598] [Server thread/WARN] [net.minecraft.class_3218/]: Tried to add entity minecraft:skeleton but it was marked as removed already
Server threadEx[31Aug2024 06:27:47.048] [Server thread/WARN] [net.minecraft.class_3218/]: Tried to add entity minecraft:skeleton but it was marked as removed already
Server threadEx[31Aug2024 06:27:56.519] [Async Chat Thread - #2/INFO] [Console/]: <Lixo_354> bro?
Async Chat Thread - #2Ex[31Aug2024 06:27:59.818] [Async Chat Thread - #4/INFO] [Console/]: <SakiVG> dime
Async Chat Thread - #4Ex[31Aug2024 06:28:05.299] [Server thread/WARN] [net.minecraft.class_3218/]: Tried to add entity minecraft:skeleton but it was marked as removed already
Server threadEx[31Aug2024 06:28:06.447] [Server thread/WARN] [net.minecraft.class_3218/]: Tried to add entity minecraft:zombie but it was marked as removed already
Server threadEx[31Aug2024 06:28:14.937] [Server thread/INFO] [net.minecraft.class_3244/]: Lixo_354 issued server command: /tp SakiVG SakiVG
Server threadEx[31Aug2024 06:28:18.240] [Server thread/INFO] [net.minecraft.class_3244/]: Lixo_354 issued server command: /tp SakiVG Lixo_354
Server threadEx[31Aug2024 06:28:31.491] [Async Chat Thread - #2/INFO] [Console/]: <Lixo_354> estas en survival?
Async Chat Thread - #2Ex[31Aug2024 06:28:33.710] [Async Chat Thread - #4/INFO] [Console/]: <SakiVG> si
Async Chat Thread - #4Ex[31Aug2024 06:28:43.280] [Async Chat Thread - #2/INFO] [Console/]: <SakiVG> activaste algo?
Async Chat Thread - #2Ex[31Aug2024 06:28:54.487] [Server thread/INFO] [net.minecraft.class_3244/]: Lixo_354 issued server command: /tp SakiVG Lixo_354
Server threadEx